# JRE version: OpenJDK Runtime Environment GraalVM CE 22.3.0 (17.0.5+8) (build 17.0.5+8-jvmci-22.3-b08)
# Java VM: OpenJDK 64-Bit Server VM GraalVM CE 22.3.0 (17.0.5+8-jvmci-22.3-b08, mixed mode, sharing, tiered, jvmci, jvmci compiler, compressed oops, compressed class ptrs, parallel gc, linux-amd64)
GC Precious Log:
 CPUs: 8 total, 1 available
 Memory: 1024M
 Large Page Support: Disabled
 NUMA Support: Disabled
 Compressed Oops: Enabled (32-bit)
 Alignments: Space 512K, Generation 512K, Heap 2M
 Heap Min Capacity: 100M
 Heap Initial Capacity: 100M
 Heap Max Capacity: 512M
 Pre-touch: Disabled
 Parallel Workers: 1
Heap:
 PSYoungGen      total 69632K, used 49151K [0x00000000f5580000, 0x00000000fc500000, 0x0000000100000000)
  eden space 49152K, 99% used [0x00000000f5580000,0x00000000f857fff8,0x00000000f8580000)
  from space 20480K, 0% used [0x00000000f8580000,0x00000000f8580000,0x00000000f9980000)
  to   space 28672K, 0% used [0x00000000fa900000,0x00000000fa900000,0x00000000fc500000)
 ParOldGen       total 349696K, used 349696K [0x00000000e0000000, 0x00000000f5580000, 0x00000000f5580000)
  object space 349696K, 100% used [0x00000000e0000000,0x00000000f5580000,0x00000000f5580000)
 Metaspace       used 63536K, committed 64512K, reserved 1114112K
  class space    used 5801K, committed 6208K, reserved 1048576K
GC Heap History (20 events):
Event: 1970.555 GC heap before
{Heap before GC invocations=1457 (full 1316):
 PSYoungGen      total 69632K, used 49152K [0x00000000f5580000, 0x00000000fc500000, 0x0000000100000000)
  eden space 49152K, 100% used [0x00000000f5580000,0x00000000f8580000,0x00000000f8580000)
  from space 20480K, 0% used [0x00000000f8580000,0x00000000f8580000,0x00000000f9980000)
  to   space 28672K, 0% used [0x00000000fa900000,0x00000000fa900000,0x00000000fc500000)
 ParOldGen       total 349696K, used 349693K [0x00000000e0000000, 0x00000000f5580000, 0x00000000f5580000)
  object space 349696K, 99% used [0x00000000e0000000,0x00000000f557f6d0,0x00000000f5580000)
 Metaspace       used 63536K, committed 64512K, reserved 1114112K
  class space    used 5801K, committed 6208K, reserved 1048576K
}
Event: 1972.033 GC heap after
{Heap after GC invocations=1457 (full 1316):
 PSYoungGen      total 77824K, used 49151K [0x00000000f5580000, 0x00000000fc500000, 0x0000000100000000)
  eden space 49152K, 99% used [0x00000000f5580000,0x00000000f857ffc0,0x00000000f8580000)
  from space 28672K, 0% used [0x00000000fa900000,0x00000000fa900000,0x00000000fc500000)
  to   space 20480K, 0% used [0x00000000f8580000,0x00000000f8580000,0x00000000f9980000)
 ParOldGen       total 349696K, used 349693K [0x00000000e0000000, 0x00000000f5580000, 0x00000000f5580000)
  object space 349696K, 99% used [0x00000000e0000000,0x00000000f557f6b0,0x00000000f5580000)
 Metaspace       used 63536K, committed 64512K, reserved 1114112K
  class space    used 5801K, committed 6208K, reserved 1048576K
}
Event: 1972.033 GC heap before
{Heap before GC invocations=1458 (full 1317):
 PSYoungGen      total 77824K, used 49152K [0x00000000f5580000, 0x00000000fc500000, 0x0000000100000000)
  eden space 49152K, 100% used [0x00000000f5580000,0x00000000f8580000,0x00000000f8580000)
  from space 28672K, 0% used [0x00000000fa900000,0x00000000fa900000,0x00000000fc500000)
  to   space 20480K, 0% used [0x00000000f8580000,0x00000000f8580000,0x00000000f9980000)
 ParOldGen       total 349696K, used 349693K [0x00000000e0000000, 0x00000000f5580000, 0x00000000f5580000)
  object space 349696K, 99% used [0x00000000e0000000,0x00000000f557f6b0,0x00000000f5580000)
 Metaspace       used 63536K, committed 64512K, reserved 1114112K
  class space    used 5801K, committed 6208K, reserved 1048576K
}
Event: 1973.468 GC heap after
{Heap after GC invocations=1458 (full 1317):
 PSYoungGen      total 69632K, used 49151K [0x00000000f5580000, 0x00000000fc500000, 0x0000000100000000)
  eden space 49152K, 99% used [0x00000000f5580000,0x00000000f857ffc0,0x00000000f8580000)
  from space 20480K, 0% used [0x00000000f8580000,0x00000000f8580000,0x00000000f9980000)
  to   space 28672K, 0% used [0x00000000fa900000,0x00000000fa900000,0x00000000fc500000)
 ParOldGen       total 349696K, used 349693K [0x00000000e0000000, 0x00000000f5580000, 0x00000000f5580000)
  object space 349696K, 99% used [0x00000000e0000000,0x00000000f557f6b0,0x00000000f5580000)
 Metaspace       used 63536K, committed 64512K, reserved 1114112K
  class space    used 5801K, committed 6208K, reserved 1048576K
}
Event: 1973.468 GC heap before
{Heap before GC invocations=1459 (full 1318):
 PSYoungGen      total 69632K, used 49152K [0x00000000f5580000, 0x00000000fc500000, 0x0000000100000000)
  eden space 49152K, 100% used [0x00000000f5580000,0x00000000f8580000,0x00000000f8580000)
  from space 20480K, 0% used [0x00000000f8580000,0x00000000f8580000,0x00000000f9980000)
  to   space 28672K, 0% used [0x00000000fa900000,0x00000000fa900000,0x00000000fc500000)
 ParOldGen       total 349696K, used 349693K [0x00000000e0000000, 0x00000000f5580000, 0x00000000f5580000)
  object space 349696K, 99% used [0x00000000e0000000,0x00000000f557f6b0,0x00000000f5580000)
 Metaspace       used 63536K, committed 64512K, reserved 1114112K
  class space    used 5801K, committed 6208K, reserved 1048576K
}
Event: 1974.932 GC heap after
{Heap after GC invocations=1459 (full 1318):
 PSYoungGen      total 77824K, used 49151K [0x00000000f5580000, 0x00000000fc500000, 0x0000000100000000)
  eden space 49152K, 99% used [0x00000000f5580000,0x00000000f857ffc0,0x00000000f8580000)
  from space 28672K, 0% used [0x00000000fa900000,0x00000000fa900000,0x00000000fc500000)
  to   space 20480K, 0% used [0x00000000f8580000,0x00000000f8580000,0x00000000f9980000)
 ParOldGen       total 349696K, used 349693K [0x00000000e0000000, 0x00000000f5580000, 0x00000000f5580000)
  object space 349696K, 99% used [0x00000000e0000000,0x00000000f557f6b0,0x00000000f5580000)
 Metaspace       used 63536K, committed 64512K, reserved 1114112K
  class space    used 5801K, committed 6208K, reserved 1048576K
}
Event: 1974.932 GC heap before
{Heap before GC invocations=1460 (full 1319):
 PSYoungGen      total 77824K, used 49152K [0x00000000f5580000, 0x00000000fc500000, 0x0000000100000000)
  eden space 49152K, 100% used [0x00000000f5580000,0x00000000f8580000,0x00000000f8580000)
  from space 28672K, 0% used [0x00000000fa900000,0x00000000fa900000,0x00000000fc500000)
  to   space 20480K, 0% used [0x00000000f8580000,0x00000000f8580000,0x00000000f9980000)
 ParOldGen       total 349696K, used 349693K [0x00000000e0000000, 0x00000000f5580000, 0x00000000f5580000)
  object space 349696K, 99% used [0x00000000e0000000,0x00000000f557f6b0,0x00000000f5580000)
 Metaspace       used 63536K, committed 64512K, reserved 1114112K
  class space    used 5801K, committed 6208K, reserved 1048576K
}
Event: 1976.365 GC heap after
{Heap after GC invocations=1460 (full 1319):
 PSYoungGen      total 69632K, used 49151K [0x00000000f5580000, 0x00000000fc500000, 0x0000000100000000)
  eden space 49152K, 99% used [0x00000000f5580000,0x00000000f857ffc0,0x00000000f8580000)
  from space 20480K, 0% used [0x00000000f8580000,0x00000000f8580000,0x00000000f9980000)
  to   space 28672K, 0% used [0x00000000fa900000,0x00000000fa900000,0x00000000fc500000)
 ParOldGen       total 349696K, used 349693K [0x00000000e0000000, 0x00000000f5580000, 0x00000000f5580000)
  object space 349696K, 99% used [0x00000000e0000000,0x00000000f557f6b0,0x00000000f5580000)
 Metaspace       used 63536K, committed 64512K, reserved 1114112K
  class space    used 5801K, committed 6208K, reserved 1048576K
}
Event: 1976.365 GC heap before
{Heap before GC invocations=1461 (full 1320):
 PSYoungGen      total 69632K, used 49151K [0x00000000f5580000, 0x00000000fc500000, 0x0000000100000000)
  eden space 49152K, 99% used [0x00000000f5580000,0x00000000f857fff8,0x00000000f8580000)
  from space 20480K, 0% used [0x00000000f8580000,0x00000000f8580000,0x00000000f9980000)
  to   space 28672K, 0% used [0x00000000fa900000,0x00000000fa900000,0x00000000fc500000)
 ParOldGen       total 349696K, used 349693K [0x00000000e0000000, 0x00000000f5580000, 0x00000000f5580000)
  object space 349696K, 99% used [0x00000000e0000000,0x00000000f557f6b0,0x00000000f5580000)
 Metaspace       used 63536K, committed 64512K, reserved 1114112K
  class space    used 5801K, committed 6208K, reserved 1048576K
}
Event: 1977.870 GC heap after
{Heap after GC invocations=1461 (full 1320):
 PSYoungGen      total 77824K, used 49151K [0x00000000f5580000, 0x00000000fc500000, 0x0000000100000000)
  eden space 49152K, 99% used [0x00000000f5580000,0x00000000f857ffd8,0x00000000f8580000)
  from space 28672K, 0% used [0x00000000fa900000,0x00000000fa900000,0x00000000fc500000)
  to   space 20480K, 0% used [0x00000000f8580000,0x00000000f8580000,0x00000000f9980000)
 ParOldGen       total 349696K, used 349693K [0x00000000e0000000, 0x00000000f5580000, 0x00000000f5580000)
  object space 349696K, 99% used [0x00000000e0000000,0x00000000f557f6b0,0x00000000f5580000)
 Metaspace       used 63536K, committed 64512K, reserved 1114112K
  class space    used 5801K, committed 6208K, reserved 1048576K
}
Event: 1977.871 GC heap before
{Heap before GC invocations=1462 (full 1321):
 PSYoungGen      total 77824K, used 49151K [0x00000000f5580000, 0x00000000fc500000, 0x0000000100000000)
  eden space 49152K, 99% used [0x00000000f5580000,0x00000000f857fff8,0x00000000f8580000)
  from space 28672K, 0% used [0x00000000fa900000,0x00000000fa900000,0x00000000fc500000)
  to   space 20480K, 0% used [0x00000000f8580000,0x00000000f8580000,0x00000000f9980000)
 ParOldGen       total 349696K, used 349693K [0x00000000e0000000, 0x00000000f5580000, 0x00000000f5580000)
  object space 349696K, 99% used [0x00000000e0000000,0x00000000f557f6b0,0x00000000f5580000)
 Metaspace       used 63536K, committed 64512K, reserved 1114112K
  class space    used 5801K, committed 6208K, reserved 1048576K
}
Event: 1979.533 GC heap after
{Heap after GC invocations=1462 (full 1321):
 PSYoungGen      total 69632K, used 49151K [0x00000000f5580000, 0x00000000fc500000, 0x0000000100000000)
  eden space 49152K, 99% used [0x00000000f5580000,0x00000000f857fff8,0x00000000f8580000)
  from space 20480K, 0% used [0x00000000f8580000,0x00000000f8580000,0x00000000f9980000)
  to   space 28672K, 0% used [0x00000000fa900000,0x00000000fa900000,0x00000000fc500000)
 ParOldGen       total 349696K, used 349693K [0x00000000e0000000, 0x00000000f5580000, 0x00000000f5580000)
  object space 349696K, 99% used [0x00000000e0000000,0x00000000f557f6b0,0x00000000f5580000)
 Metaspace       used 63536K, committed 64512K, reserved 1114112K
  class space    used 5801K, committed 6208K, reserved 1048576K
}
Event: 1979.535 GC heap before
{Heap before GC invocations=1463 (full 1322):
 PSYoungGen      total 69632K, used 49151K [0x00000000f5580000, 0x00000000fc500000, 0x0000000100000000)
  eden space 49152K, 99% used [0x00000000f5580000,0x00000000f857fff8,0x00000000f8580000)
  from space 20480K, 0% used [0x00000000f8580000,0x00000000f8580000,0x00000000f9980000)
  to   space 28672K, 0% used [0x00000000fa900000,0x00000000fa900000,0x00000000fc500000)
 ParOldGen       total 349696K, used 349695K [0x00000000e0000000, 0x00000000f5580000, 0x00000000f5580000)
  object space 349696K, 99% used [0x00000000e0000000,0x00000000f557ffc8,0x00000000f5580000)
 Metaspace       used 63536K, committed 64512K, reserved 1114112K
  class space    used 5801K, committed 6208K, reserved 1048576K
}
Event: 1981.087 GC heap after
{Heap after GC invocations=1463 (full 1322):
 PSYoungGen      total 77824K, used 49151K [0x00000000f5580000, 0x00000000fc500000, 0x0000000100000000)
  eden space 49152K, 99% used [0x00000000f5580000,0x00000000f857fff8,0x00000000f8580000)
  from space 28672K, 0% used [0x00000000fa900000,0x00000000fa900000,0x00000000fc500000)
  to   space 20480K, 0% used [0x00000000f8580000,0x00000000f8580000,0x00000000f9980000)
 ParOldGen       total 349696K, used 349694K [0x00000000e0000000, 0x00000000f5580000, 0x00000000f5580000)
  object space 349696K, 99% used [0x00000000e0000000,0x00000000f557f928,0x00000000f5580000)
 Metaspace       used 63536K, committed 64512K, reserved 1114112K
  class space    used 5801K, committed 6208K, reserved 1048576K
}
Event: 1981.088 GC heap before
{Heap before GC invocations=1464 (full 1323):
 PSYoungGen      total 77824K, used 49151K [0x00000000f5580000, 0x00000000fc500000, 0x0000000100000000)
  eden space 49152K, 99% used [0x00000000f5580000,0x00000000f857fff8,0x00000000f8580000)
  from space 28672K, 0% used [0x00000000fa900000,0x00000000fa900000,0x00000000fc500000)
  to   space 20480K, 0% used [0x00000000f8580000,0x00000000f8580000,0x00000000f9980000)
 ParOldGen       total 349696K, used 349695K [0x00000000e0000000, 0x00000000f5580000, 0x00000000f5580000)
  object space 349696K, 99% used [0x00000000e0000000,0x00000000f557fc18,0x00000000f5580000)
 Metaspace       used 63536K, committed 64512K, reserved 1114112K
  class space    used 5801K, committed 6208K, reserved 1048576K
}
Event: 1982.629 GC heap after
{Heap after GC invocations=1464 (full 1323):
 PSYoungGen      total 69632K, used 49151K [0x00000000f5580000, 0x00000000fc500000, 0x0000000100000000)
  eden space 49152K, 99% used [0x00000000f5580000,0x00000000f857fff8,0x00000000f8580000)
  from space 20480K, 0% used [0x00000000f8580000,0x00000000f8580000,0x00000000f9980000)
  to   space 28672K, 0% used [0x00000000fa900000,0x00000000fa900000,0x00000000fc500000)
 ParOldGen       total 349696K, used 349694K [0x00000000e0000000, 0x00000000f5580000, 0x00000000f5580000)
  object space 349696K, 99% used [0x00000000e0000000,0x00000000f557fab0,0x00000000f5580000)
 Metaspace       used 63536K, committed 64512K, reserved 1114112K
  class space    used 5801K, committed 6208K, reserved 1048576K
}
Event: 1982.630 GC heap before
{Heap before GC invocations=1465 (full 1324):
 PSYoungGen      total 69632K, used 49151K [0x00000000f5580000, 0x00000000fc500000, 0x0000000100000000)
  eden space 49152K, 99% used [0x00000000f5580000,0x00000000f857fff8,0x00000000f8580000)
  from space 20480K, 0% used [0x00000000f8580000,0x00000000f8580000,0x00000000f9980000)
  to   space 28672K, 0% used [0x00000000fa900000,0x00000000fa900000,0x00000000fc500000)
 ParOldGen       total 349696K, used 349695K [0x00000000e0000000, 0x00000000f5580000, 0x00000000f5580000)
  object space 349696K, 99% used [0x00000000e0000000,0x00000000f557fe40,0x00000000f5580000)
 Metaspace       used 63536K, committed 64512K, reserved 1114112K
  class space    used 5801K, committed 6208K, reserved 1048576K
}
Event: 1984.199 GC heap after
{Heap after GC invocations=1465 (full 1324):
 PSYoungGen      total 77824K, used 49151K [0x00000000f5580000, 0x00000000fc500000, 0x0000000100000000)
  eden space 49152K, 99% used [0x00000000f5580000,0x00000000f857fff8,0x00000000f8580000)
  from space 28672K, 0% used [0x00000000fa900000,0x00000000fa900000,0x00000000fc500000)
  to   space 20480K, 0% used [0x00000000f8580000,0x00000000f8580000,0x00000000f9980000)
 ParOldGen       total 349696K, used 349695K [0x00000000e0000000, 0x00000000f5580000, 0x00000000f5580000)
  object space 349696K, 99% used [0x00000000e0000000,0x00000000f557fcb0,0x00000000f5580000)
 Metaspace       used 63536K, committed 64512K, reserved 1114112K
  class space    used 5801K, committed 6208K, reserved 1048576K
}
Event: 1984.199 GC heap before
{Heap before GC invocations=1466 (full 1325):
 PSYoungGen      total 77824K, used 49151K [0x00000000f5580000, 0x00000000fc500000, 0x0000000100000000)
  eden space 49152K, 99% used [0x00000000f5580000,0x00000000f857fff8,0x00000000f8580000)
  from space 28672K, 0% used [0x00000000fa900000,0x00000000fa900000,0x00000000fc500000)
  to   space 20480K, 0% used [0x00000000f8580000,0x00000000f8580000,0x00000000f9980000)
 ParOldGen       total 349696K, used 349695K [0x00000000e0000000, 0x00000000f5580000, 0x00000000f5580000)
  object space 349696K, 99% used [0x00000000e0000000,0x00000000f557fcb0,0x00000000f5580000)
 Metaspace       used 63536K, committed 64512K, reserved 1114112K
  class space    used 5801K, committed 6208K, reserved 1048576K
}
Event: 1985.880 GC heap after
{Heap after GC invocations=1466 (full 1325):
 PSYoungGen      total 69632K, used 49151K [0x00000000f5580000, 0x00000000fc500000, 0x0000000100000000)
  eden space 49152K, 99% used [0x00000000f5580000,0x00000000f857fff8,0x00000000f8580000)
  from space 20480K, 0% used [0x00000000f8580000,0x00000000f8580000,0x00000000f9980000)
  to   space 28672K, 0% used [0x00000000fa900000,0x00000000fa900000,0x00000000fc500000)
 ParOldGen       total 349696K, used 349695K [0x00000000e0000000, 0x00000000f5580000, 0x00000000f5580000)
  object space 349696K, 99% used [0x00000000e0000000,0x00000000f557fcb0,0x00000000f5580000)
 Metaspace       used 63536K, committed 64512K, reserved 1114112K
  class space    used 5801K, committed 6208K, reserved 1048576K
}

